update-alternatives 2020-08-06 22:40:47: run with --quiet --install /usr/bin/awk awk /usr/bin/mawk 5 --slave /usr/share/man/man1/awk.1.gz awk.1.gz /usr/share/man/man1/mawk.1.gz --slave /usr/bin/nawk nawk /usr/bin/mawk --slave /usr/share/man/man1/nawk.1.gz nawk.1.gz /usr/share/man/man1/mawk.1.gz
update-alternatives 2020-08-06 22:40:47: link group awk updated to point to /usr/bin/mawk
update-alternatives 2020-08-06 22:41:19: run with --quiet --install /usr/bin/awk awk /usr/bin/mawk 5 --slave /usr/share/man/man1/awk.1.gz awk.1.gz /usr/share/man/man1/mawk.1.gz --slave /usr/bin/nawk nawk /usr/bin/mawk --slave /usr/share/man/man1/nawk.1.gz nawk.1.gz /usr/share/man/man1/mawk.1.gz
update-alternatives 2020-08-06 22:41:20: run with --install /usr/share/man/man7/builtins.7.gz builtins.7.gz /usr/share/man/man7/bash-builtins.7.gz 10
update-alternatives 2020-08-06 22:41:20: link group builtins.7.gz updated to point to /usr/share/man/man7/bash-builtins.7.gz
update-alternatives 2020-08-06 22:41:21: run with --install /usr/sbin/rmt rmt /usr/sbin/rmt-tar 50 --slave /usr/share/man/man8/rmt.8.gz rmt.8.gz /usr/share/man/man8/rmt-tar.8.gz
update-alternatives 2020-08-06 22:41:21: link group rmt updated to point to /usr/sbin/rmt-tar
update-alternatives 2020-08-06 22:41:23: run with --install /usr/bin/pager pager /bin/more 50 --slave /usr/share/man/man1/pager.1.gz pager.1.gz /usr/share/man/man1/more.1.gz
update-alternatives 2020-08-06 22:41:23: link group pager updated to point to /bin/more
update-alternatives 2020-08-06 22:41:23: run with --remove pager /usr/bin/pg
update-alternatives 2020-08-06 22:41:25: run with --install /usr/bin/w w /usr/bin/w.procps 50 --slave /usr/share/man/man1/w.1.gz w.1.gz /usr/share/man/man1/w.procps.1.gz
update-alternatives 2020-08-06 22:41:25: link group w updated to point to /usr/bin/w.procps
update-alternatives 2020-08-06 22:42:04: run with --quiet --install /usr/bin/awk awk /usr/bin/mawk 5 --slave /usr/share/man/man1/awk.1.gz awk.1.gz /usr/share/man/man1/mawk.1.gz --slave /usr/bin/nawk nawk /usr/bin/mawk --slave /usr/share/man/man1/nawk.1.gz nawk.1.gz /usr/share/man/man1/mawk.1.gz
update-alternatives 2020-08-06 22:42:04: auto-repair link group awk
update-alternatives 2020-08-06 22:42:12: run with --remove builtins.7.gz /usr/share/man/man7/bash-builtins.7.gz
update-alternatives 2020-08-06 22:42:12: link group builtins.7.gz fully removed
update-alternatives 2020-08-06 22:42:53: run with --install /usr/sbin/rmt rmt /usr/sbin/rmt-tar 50 --slave /usr/share/man/man8/rmt.8.gz rmt.8.gz /usr/share/man/man8/rmt-tar.8.gz
update-alternatives 2020-08-06 22:42:53: auto-repair link group rmt
update-alternatives 2020-08-06 22:44:15: run with --install /usr/bin/pager pager /bin/more 50 --slave /usr/share/man/man1/pager.1.gz pager.1.gz /usr/share/man/man1/more.1.gz
update-alternatives 2020-08-06 22:44:15: auto-repair link group pager
update-alternatives 2020-08-06 22:44:15: run with --remove pager /usr/bin/pg
update-alternatives 2020-08-06 22:45:17: run with --install /usr/bin/w w /usr/bin/w.procps 50 --slave /usr/share/man/man1/w.1.gz w.1.gz /usr/share/man/man1/w.procps.1.gz
update-alternatives 2020-08-06 22:45:17: auto-repair link group w
update-alternatives 2020-08-06 22:45:53: run with --install /usr/sbin/rmt rmt /usr/sbin/rmt-tar 50 --slave /usr/share/man/man8/rmt.8.gz rmt.8.gz /usr/share/man/man8/rmt-tar.8.gz
update-alternatives 2020-08-06 22:46:05: run with --install /usr/bin/pager pager /bin/more 50 --slave /usr/share/man/man1/pager.1.gz pager.1.gz /usr/share/man/man1/more.1.gz
update-alternatives 2020-08-06 22:46:05: run with --remove pager /usr/bin/pg
update-alternatives 2020-08-06 22:46:26: run with --install /usr/bin/w w /usr/bin/w.procps 50 --slave /usr/share/man/man1/w.1.gz w.1.gz /usr/share/man/man1/w.procps.1.gz
update-alternatives 2020-12-16 02:50:02: run with --install /usr/bin/lzma lzma /usr/bin/xz 20 --slave /usr/share/man/man1/lzma.1.gz lzma.1.gz /usr/share/man/man1/xz.1.gz --slave /usr/bin/unlzma unlzma /usr/bin/unxz --slave /usr/share/man/man1/unlzma.1.gz unlzma.1.gz /usr/share/man/man1/unxz.1.gz --slave /usr/bin/lzcat lzcat /usr/bin/xzcat --slave /usr/share/man/man1/lzcat.1.gz lzcat.1.gz /usr/share/man/man1/xzcat.1.gz --slave /usr/bin/lzmore lzmore /usr/bin/xzmore --slave /usr/share/man/man1/lzmore.1.gz lzmore.1.gz /usr/share/man/man1/xzmore.1.gz --slave /usr/bin/lzless lzless /usr/bin/xzless --slave /usr/share/man/man1/lzless.1.gz lzless.1.gz /usr/share/man/man1/xzless.1.gz --slave /usr/bin/lzdiff lzdiff /usr/bin/xzdiff --slave /usr/share/man/man1/lzdiff.1.gz lzdiff.1.gz /usr/share/man/man1/xzdiff.1.gz --slave /usr/bin/lzcmp lzcmp /usr/bin/xzcmp --slave /usr/share/man/man1/lzcmp.1.gz lzcmp.1.gz /usr/share/man/man1/xzcmp.1.gz --slave /usr/bin/lzgrep lzgrep /usr/bin/xzgrep --slave /usr/share/man/man1/lzgrep.1.gz lzgrep.1.gz /usr/share/man/man1/xzgrep.1.gz --slave /usr/bin/lzegrep lzegrep /usr/bin/xzegrep --slave /usr/share/man/man1/lzegrep.1.gz lzegrep.1.gz /usr/share/man/man1/xzegrep.1.gz --slave /usr/bin/lzfgrep lzfgrep /usr/bin/xzfgrep --slave /usr/share/man/man1/lzfgrep.1.gz lzfgrep.1.gz /usr/share/man/man1/xzfgrep.1.gz
update-alternatives 2020-12-16 02:50:02: link group lzma updated to point to /usr/bin/xz
update-alternatives 2020-12-16 02:51:52: run with --install /etc/newt/palette newt-palette /etc/newt/palette.ubuntu 50
update-alternatives 2020-12-16 02:51:52: link group newt-palette updated to point to /etc/newt/palette.ubuntu
update-alternatives 2020-12-16 02:51:52: run with --install /etc/newt/palette newt-palette /etc/newt/palette.original 20
update-alternatives 2020-12-16 02:54:01: run with --quiet --install /usr/bin/rsh rsh /usr/bin/ssh 20 --slave /usr/share/man/man1/rsh.1.gz rsh.1.gz /usr/share/man/man1/ssh.1.gz
update-alternatives 2020-12-16 02:54:01: link group rsh updated to point to /usr/bin/ssh
update-alternatives 2020-12-16 02:54:01: run with --quiet --install /usr/bin/rlogin rlogin /usr/bin/slogin 20 --slave /usr/share/man/man1/rlogin.1.gz rlogin.1.gz /usr/share/man/man1/slogin.1.gz
update-alternatives 2020-12-16 02:54:01: link group rlogin updated to point to /usr/bin/slogin
update-alternatives 2020-12-16 02:54:01: run with --quiet --install /usr/bin/rcp rcp /usr/bin/scp 20 --slave /usr/share/man/man1/rcp.1.gz rcp.1.gz /usr/share/man/man1/scp.1.gz
update-alternatives 2020-12-16 02:54:01: link group rcp updated to point to /usr/bin/scp
update-alternatives 2020-12-16 03:36:57: run with --install /usr/bin/jsonpointer jsonpointer /usr/bin/python3-jsonpointer 200
update-alternatives 2020-12-16 03:36:57: link group jsonpointer updated to point to /usr/bin/python3-jsonpointer
update-alternatives 2020-12-16 03:37:03: run with --install /usr/bin/jsonschema jsonschema /usr/bin/python3-jsonschema 200
update-alternatives 2020-12-16 03:37:03: link group jsonschema updated to point to /usr/bin/python3-jsonschema
update-alternatives 2020-12-16 03:37:12: run with --install /usr/bin/jsondiff jsondiff /usr/bin/python3-jsondiff 200
update-alternatives 2020-12-16 03:37:12: link group jsondiff updated to point to /usr/bin/python3-jsondiff
update-alternatives 2020-12-16 03:37:12: run with --install /usr/bin/jsonpatch jsonpatch /usr/bin/python3-jsonpatch 200
update-alternatives 2020-12-16 03:37:12: link group jsonpatch updated to point to /usr/bin/python3-jsonpatch
update-alternatives 2020-12-16 03:37:35: run with --quiet --install /usr/bin/pinentry pinentry /usr/bin/pinentry-curses 50 --slave /usr/share/man/man1/pinentry.1.gz pinentry.1.gz /usr/share/man/man1/pinentry-curses.1.gz
update-alternatives 2020-12-16 03:37:35: link group pinentry updated to point to /usr/bin/pinentry-curses
update-alternatives 2020-12-16 05:48:14: run with --remove jsondiff /usr/bin/python3-jsondiff
update-alternatives 2020-12-16 05:48:14: link group jsondiff fully removed
update-alternatives 2020-12-16 05:48:14: run with --remove jsonpatch /usr/bin/python3-jsonpatch
update-alternatives 2020-12-16 05:48:14: link group jsonpatch fully removed
update-alternatives 2020-12-16 05:48:16: run with --remove jsonpointer /usr/bin/python3-jsonpointer
update-alternatives 2020-12-16 05:48:16: link group jsonpointer fully removed
update-alternatives 2020-12-16 05:48:17: run with --remove jsonschema /usr/bin/python3-jsonschema
update-alternatives 2020-12-16 05:48:17: link group jsonschema fully removed
