Feb 11 16:38:29 localhost dropbear[584]: Running in background
Feb 11 16:38:33 localhost dropbear[585]: Child connection from 192.168.172.3:40176
Feb 11 16:38:35 localhost dropbear[585]: Pubkey auth attempt with unknown algo for 'root' from 192.168.172.3:40176
Feb 11 16:38:36 localhost dropbear[585]: User account 'root' is locked
Feb 11 16:38:39 localhost dropbear[585]: message repeated 2 times: [ User account 'root' is locked]
Feb 11 16:38:40 localhost dropbear[585]: Exit before auth (user 'root', 3 fails): Exited normally
Feb 11 16:38:47 localhost passwd[586]: pam_unix(passwd:chauthtok): account root has password changed in future
Feb 11 16:38:47 localhost passwd[586]: pam_unix(passwd:chauthtok): password changed for root
Feb 11 16:38:47 localhost passwd[586]: gkr-pam: couldn't update the login keyring password: no old password was entered
Feb 11 16:38:49 localhost dropbear[589]: Child connection from 192.168.172.3:40178
Feb 11 16:38:50 localhost dropbear[589]: Pubkey auth attempt with unknown algo for 'root' from 192.168.172.3:40178
Feb 11 16:38:51 localhost dropbear[589]: Password auth succeeded for 'root' from 192.168.172.3:40178
Feb 11 16:38:52 localhost dropbear[589]: Exit (root): Disconnect received
Feb 11 16:39:11 localhost sudo:     root : unable to resolve host localhost.localdomain
Feb 11 16:39:11 localhost sudo:     root : TTY=ttyO0 ; PWD=/root/vimconfig ; USER=root ; COMMAND=/bin/cp ctags /bin
Feb 11 16:39:11 localhost sudo: pam_unix(sudo:session): session opened for user root by root(uid=0)
Feb 11 16:39:11 localhost sudo: pam_unix(sudo:session): session closed for user root
Feb 11 16:39:11 localhost sudo:     root : unable to resolve host localhost.localdomain
Feb 11 16:39:11 localhost sudo:     root : TTY=ttyO0 ; PWD=/usr/include ; USER=root ; COMMAND=/usr/bin/ctags -I __THROW -I __THROWNL -I __nonnull -R --c-kinds=+p --fields=+iaS --extra=+q
Feb 11 16:39:11 localhost sudo: pam_unix(sudo:session): session opened for user root by root(uid=0)
Feb 11 16:39:26 localhost sudo: pam_unix(sudo:session): session closed for user root
Feb 11 16:40:00 localhost dropbear[650]: Child connection from 192.168.172.59:60553
Feb 11 16:40:04 localhost dropbear[650]: Password auth succeeded for 'root' from 192.168.172.59:60553
Feb 11 16:46:21 localhost dropbear[766]: Child connection from 192.168.172.59:60712
Feb 11 16:46:24 localhost dropbear[766]: Password auth succeeded for 'root' from 192.168.172.59:60712
Feb 11 16:38:34 localhost systemd: pam_unix(systemd-user:session): session closed for user root
Feb 11 16:31:34 localhost systemd: pam_unix(systemd-user:session): session closed for user root
Feb 11 16:32:36 localhost dropbear[702]: Running in background
Feb 11 16:32:49 localhost dropbear[575]: Running in background
Feb 11 16:39:54 localhost dropbear[666]: Running in background
Feb 11 16:29:09 localhost dropbear[470]: Child connection from 192.168.172.51:56290
Feb 11 16:29:13 localhost dropbear[470]: Bad password attempt for 'root' from 192.168.172.51:56290
Feb 11 16:29:14 localhost dropbear[470]: Password auth succeeded for 'root' from 192.168.172.51:56290
Feb 11 16:28:09 localhost dropbear[261]: Running in background
Feb 11 16:28:11 localhost systemd-logind[252]: New seat seat0.
Feb 11 16:28:36 localhost dbus[231]: [system] Failed to activate service 'org.freedesktop.hostname1': timed out
Feb 11 16:28:42 localhost dropbear[401]: Child connection from 192.168.172.51:56361
Feb 11 16:28:53 localhost dropbear[401]: Password auth succeeded for 'root' from 192.168.172.51:56361
Feb 11 16:35:54 localhost login[303]: pam_unix(login:session): session opened for user root by LOGIN(uid=0)
Feb 11 16:35:54 localhost systemd-logind[252]: New session c1 of user root.
Feb 11 16:35:54 localhost systemd: pam_unix(systemd-user:session): session opened for user root by (uid=0)
Feb 11 16:35:55 localhost login[488]: ROOT LOGIN  on '/dev/ttyO0'
Feb 11 16:47:34 localhost dbus[231]: [system] Failed to activate service 'org.freedesktop.hostname1': timed out
Feb 11 16:28:09 am335x dropbear[259]: Running in background
Feb 11 16:28:11 am335x systemd-logind[255]: New seat seat0.
Feb 11 16:28:20 am335x login[296]: pam_unix(login:auth): authentication failure; logname=LOGIN uid=0 euid=0 tty=/dev/ttyO0 ruser= rhost=  user=root
Feb 11 16:28:23 am335x login[296]: FAILED LOGIN (1) on '/dev/ttyO0' FOR 'root', Authentication failure
Feb 11 16:28:26 am335x login[296]: pam_unix(login:session): session opened for user root by LOGIN(uid=0)
Feb 11 16:28:26 am335x systemd-logind[255]: New session c1 of user root.
Feb 11 16:28:26 am335x systemd: pam_unix(systemd-user:session): session opened for user root by (uid=0)
Feb 11 16:28:27 am335x login[344]: ROOT LOGIN  on '/dev/ttyO0'
Feb 11 16:28:36 am335x dbus[235]: [system] Failed to activate service 'org.freedesktop.hostname1': timed out
Feb 11 16:35:44 am335x dbus[235]: [system] Failed to activate service 'org.freedesktop.hostname1': timed out
Feb 11 16:36:05 am335x dropbear[724]: Child connection from 192.168.172.51:57461
Feb 11 16:36:08 am335x dropbear[724]: Password auth succeeded for 'root' from 192.168.172.51:57461
Feb 11 16:36:23 am335x dbus[235]: [system] Failed to activate service 'org.freedesktop.hostname1': timed out
Feb 11 16:28:09 adam3600 dropbear[246]: Running in background
Feb 11 16:28:11 adam3600 systemd-logind[238]: New seat seat0.
Feb 11 16:28:37 adam3600 dbus[240]: [system] Failed to activate service 'org.freedesktop.hostname1': timed out
Feb 11 16:28:47 adam3600 login[309]: pam_unix(login:session): session opened for user root by LOGIN(uid=0)
Feb 11 16:28:47 adam3600 systemd-logind[238]: New session c1 of user root.
Feb 11 16:28:47 adam3600 systemd: pam_unix(systemd-user:session): session opened for user root by (uid=0)
Feb 11 16:28:48 adam3600 login[444]: ROOT LOGIN  on '/dev/ttyO0'
Feb 11 16:29:38 adam3600 dropbear[246]: Early exit: Terminated by signal
Feb 11 16:28:08 adam3600 dropbear[250]: Running in background
Feb 11 16:28:11 adam3600 systemd-logind[235]: New seat seat0.
Feb 11 16:28:19 adam3600 login[303]: pam_unix(login:session): session opened for user root by LOGIN(uid=0)
Feb 11 16:28:19 adam3600 systemd-logind[235]: New session c1 of user root.
Feb 11 16:28:19 adam3600 systemd: pam_unix(systemd-user:session): session opened for user root by (uid=0)
Feb 11 16:28:20 adam3600 login[346]: ROOT LOGIN  on '/dev/ttyO0'
Feb 11 16:28:36 adam3600 dbus[242]: [system] Failed to activate service 'org.freedesktop.hostname1': timed out
Feb 11 16:28:08 am335x dropbear[252]: Running in background
Feb 11 16:28:11 am335x systemd-logind[230]: New seat seat0.
Feb 11 16:28:35 am335x login[293]: pam_unix(login:auth): authentication failure; logname=LOGIN uid=0 euid=0 tty=/dev/ttyO0 ruser= rhost=  user=root
Feb 11 16:28:36 am335x dbus[242]: [system] Failed to activate service 'org.freedesktop.hostname1': timed out
Feb 11 16:28:38 am335x login[293]: FAILED LOGIN (1) on '/dev/ttyO0' FOR 'root', Authentication failure
Feb 11 16:28:41 am335x login[293]: pam_unix(login:session): session opened for user root by LOGIN(uid=0)
Feb 11 16:28:41 am335x systemd-logind[230]: New session c1 of user root.
Feb 11 16:28:41 am335x systemd: pam_unix(systemd-user:session): session opened for user root by (uid=0)
Feb 11 16:28:42 am335x login[436]: ROOT LOGIN  on '/dev/ttyO0'
Feb 11 16:30:21 am335x dropbear[252]: Early exit: Terminated by signal
Feb 11 16:28:08 am335x dropbear[245]: Running in background
Feb 11 16:28:11 am335x systemd-logind[229]: New seat seat0.
Feb 11 16:28:36 am335x dbus[236]: [system] Failed to activate service 'org.freedesktop.hostname1': timed out
Feb 11 16:29:34 am335x dropbear[394]: Child connection from 192.168.172.51:57625
Feb 11 16:29:38 am335x dropbear[394]: Password auth succeeded for 'root' from 192.168.172.51:57625
Feb 11 16:34:00 am335x login[295]: pam_unix(login:session): session opened for user root by LOGIN(uid=0)
Feb 11 16:34:00 am335x systemd-logind[229]: New session c1 of user root.
Feb 11 16:34:00 am335x systemd: pam_unix(systemd-user:session): session opened for user root by (uid=0)
Feb 11 16:34:01 am335x login[451]: ROOT LOGIN  on '/dev/ttyO0'
Feb 11 16:37:39 am335x usermod[513]: add 'sysuser' to group 'dialout'
Feb 11 16:37:39 am335x usermod[513]: add 'sysuser' to shadow group 'dialout'
Feb 11 16:38:06 am335x usermod[523]: add 'sysuser' to group 'kmem'
Feb 11 16:38:06 am335x usermod[523]: add 'sysuser' to shadow group 'kmem'
Feb 11 16:38:27 am335x usermod[530]: add 'sysuser' to group 'docker'
Feb 11 16:38:27 am335x usermod[530]: add 'sysuser' to shadow group 'docker'
Feb 11 16:42:16 am335x dropbear[708]: Child connection from 192.168.172.3:54996
Feb 11 16:42:19 am335x dropbear[708]: Pubkey auth attempt with unknown algo for 'root' from 192.168.172.3:54996
Feb 11 16:42:20 am335x dropbear[708]: Bad password attempt for 'root' from 192.168.172.3:54996
Feb 11 16:42:21 am335x dropbear[708]: Password auth succeeded for 'root' from 192.168.172.3:54996
Feb 11 16:42:22 am335x dropbear[708]: Exit (root): Disconnect received
Feb 11 16:42:56 am335x sudo:     root : TTY=ttyO0 ; PWD=/usr/include ; USER=root ; COMMAND=/usr/bin/ctags -I __THROW -I __THROWNL -I __nonnull -R --c-kinds=+p --fields=+iaS --extra=+q
Feb 11 16:42:56 am335x sudo: pam_unix(sudo:session): session opened for user root by root(uid=0)
Feb 11 16:42:57 am335x sudo: pam_unix(sudo:session): session closed for user root
Feb 11 16:54:04 am335x dropbear[1317]: Child connection from 192.168.172.51:58258
Feb 11 16:54:08 am335x dropbear[1317]: Password auth succeeded for 'root' from 192.168.172.51:58258
Feb 11 16:54:18 am335x dropbear[1317]: Exit (root): Exited normally
Feb 11 16:54:52 am335x dropbear[1337]: Child connection from 192.168.172.51:58271
Feb 11 16:54:55 am335x dropbear[1337]: Password auth succeeded for 'root' from 192.168.172.51:58271
Feb 11 16:55:00 am335x dropbear[1337]: Exit (root): Exited normally
Feb 11 16:55:03 am335x dropbear[394]: Exit (root): Exited normally
Feb 11 16:55:42 am335x dropbear[1351]: Child connection from 192.168.172.51:58290
Feb 11 16:55:45 am335x dropbear[1351]: Password auth succeeded for 'root' from 192.168.172.51:58290
Feb 11 17:00:39 am335x dropbear[245]: Early exit: Terminated by signal
Feb 11 17:00:39 am335x dropbear[1351]: Exit (root): Terminated by signal
Feb 11 16:28:09 adam3600 dropbear[253]: Running in background
Feb 11 16:28:11 adam3600 systemd-logind[230]: New seat seat0.
Feb 11 16:28:23 adam3600 login[304]: pam_unix(login:account): account root has password changed in future
Feb 11 16:28:23 adam3600 login[304]: pam_unix(login:session): session opened for user root by LOGIN(uid=0)
Feb 11 16:28:23 adam3600 systemd-logind[230]: New session c1 of user root.
Feb 11 16:28:23 adam3600 systemd: pam_unix(systemd-user:account): account root has password changed in future
Feb 11 16:28:23 adam3600 systemd: pam_unix(systemd-user:session): session opened for user root by (uid=0)
Feb 11 16:28:24 adam3600 login[351]: ROOT LOGIN  on '/dev/ttyO0'
Feb 11 16:28:38 adam3600 dbus[231]: [system] Failed to activate service 'org.freedesktop.hostname1': timed out
Feb 11 16:45:53 adam3600 dropbear[494]: Child connection from 192.168.172.51:50014
Feb 11 16:45:56 adam3600 dropbear[494]: Password auth succeeded for 'root' from 192.168.172.51:50014
Feb 11 18:43:12 adam3600 dropbear[627]: Child connection from 192.168.172.51:51045
Feb 11 18:43:15 adam3600 dropbear[627]: Password auth succeeded for 'root' from 192.168.172.51:51045
Feb 11 19:18:30 adam3600 dropbear[1290]: Child connection from 192.168.172.51:51615
Feb 11 19:18:34 adam3600 dropbear[1290]: Bad password attempt for 'root' from 192.168.172.51:51615
Feb 11 19:18:35 adam3600 dropbear[1290]: Password auth succeeded for 'root' from 192.168.172.51:51615
Feb 11 19:35:08 adam3600 dropbear[627]: Exit (root): Error reading: Connection timed out
Feb 11 20:09:09 adam3600 dropbear[2575]: Child connection from 172.21.67.56:52288
Feb 11 20:09:13 adam3600 dropbear[2575]: Password auth succeeded for 'root' from 172.21.67.56:52288
Feb 11 20:43:33 adam3600 dropbear[253]: Early exit: Terminated by signal
Feb 11 20:43:34 adam3600 dropbear[494]: Exit (root): Terminated by signal
Feb 11 20:43:34 adam3600 dropbear[1290]: Exit (root): Terminated by signal
Feb 11 16:28:09 adam3600 dropbear[264]: Running in background
Feb 11 16:28:11 adam3600 systemd-logind[244]: New seat seat0.
Feb 11 16:28:37 adam3600 dbus[247]: [system] Failed to activate service 'org.freedesktop.hostname1': timed out
Feb 11 16:42:01 adam3600 login[321]: pam_unix(login:account): account root has password changed in future
Feb 11 16:42:01 adam3600 login[321]: pam_unix(login:session): session opened for user root by LOGIN(uid=0)
Feb 11 16:42:01 adam3600 systemd-logind[244]: New session c1 of user root.
Feb 11 16:42:02 adam3600 systemd: pam_unix(systemd-user:account): account root has password changed in future
Feb 11 16:42:02 adam3600 systemd: pam_unix(systemd-user:session): session opened for user root by (uid=0)
Feb 11 16:42:03 adam3600 login[940]: ROOT LOGIN  on '/dev/ttyO0'
Feb 11 16:28:08 adam3600 dropbear[247]: Running in background
Feb 11 16:28:11 adam3600 systemd-logind[237]: New seat seat0.
Feb 11 16:28:38 adam3600 dbus[240]: [system] Failed to activate service 'org.freedesktop.hostname1': timed out
Feb 11 22:51:03 adam3600 login[312]: pam_unix(login:auth): authentication failure; logname=LOGIN uid=0 euid=0 tty=/dev/ttyO0 ruser= rhost=  user=root
Feb 11 22:51:05 adam3600 login[312]: FAILED LOGIN (1) on '/dev/ttyO0' FOR 'root', Authentication failure
Feb 11 22:51:07 adam3600 login[312]: pam_unix(login:auth): check pass; user unknown
Feb 11 22:51:07 adam3600 login[312]: pam_unix(login:auth): authentication failure; logname=LOGIN uid=0 euid=0 tty=/dev/ttyO0 ruser= rhost=
Feb 11 22:51:10 adam3600 login[312]: FAILED LOGIN (2) on '/dev/ttyO0' FOR 'UNKNOWN', Authentication failure
Feb 11 22:51:12 adam3600 login[312]: pam_unix(login:account): account root has password changed in future
Feb 11 22:51:12 adam3600 login[312]: pam_unix(login:session): session opened for user root by LOGIN(uid=0)
Feb 11 22:51:12 adam3600 systemd-logind[237]: New session c1 of user root.
Feb 11 22:51:12 adam3600 systemd: pam_unix(systemd-user:account): account root has password changed in future
Feb 11 22:51:12 adam3600 systemd: pam_unix(systemd-user:session): session opened for user root by (uid=0)
Feb 11 22:51:13 adam3600 login[591]: ROOT LOGIN  on '/dev/ttyO0'
Feb 11 16:28:12 adam3600 dropbear[271]: Running in background
Feb 11 16:28:12 adam3600 systemd-logind[256]: New seat seat0.
Feb 11 16:28:23 adam3600 login[310]: pam_unix(login:account): account root has password changed in future
Feb 11 16:28:23 adam3600 login[310]: pam_unix(login:session): session opened for user root by LOGIN(uid=0)
Feb 11 16:28:24 adam3600 systemd-logind[256]: New session c1 of user root.
Feb 11 16:28:24 adam3600 systemd: pam_unix(systemd-user:account): account root has password changed in future
Feb 11 16:28:24 adam3600 systemd: pam_unix(systemd-user:session): session opened for user root by (uid=0)
Feb 11 16:28:25 adam3600 login[356]: ROOT LOGIN  on '/dev/ttyO0'
Feb 11 16:28:39 adam3600 dbus[238]: [system] Failed to activate service 'org.freedesktop.hostname1': timed out
Feb 11 16:34:09 adam3600 dropbear[271]: Early exit: Terminated by signal
Feb 11 16:34:10 adam3600 systemd: pam_unix(systemd-user:session): session closed for user root
Feb 11 16:28:09 adam3600 dropbear[253]: Running in background
Feb 11 16:28:11 adam3600 systemd-logind[231]: New seat seat0.
Feb 11 16:28:21 adam3600 login[312]: pam_unix(login:account): account root has password changed in future
Feb 11 16:28:21 adam3600 login[312]: pam_unix(login:session): session opened for user root by LOGIN(uid=0)
Feb 11 16:28:21 adam3600 systemd-logind[231]: New session c1 of user root.
Feb 11 16:28:21 adam3600 systemd: pam_unix(systemd-user:account): account root has password changed in future
Feb 11 16:28:21 adam3600 systemd: pam_unix(systemd-user:session): session opened for user root by (uid=0)
Feb 11 16:28:22 adam3600 login[359]: ROOT LOGIN  on '/dev/ttyO0'
Feb 11 16:28:38 adam3600 dbus[236]: [system] Failed to activate service 'org.freedesktop.hostname1': timed out
Feb 11 16:28:09 adam3600 dropbear[254]: Running in background
Feb 11 16:28:11 adam3600 systemd-logind[249]: New seat seat0.
Feb 11 16:28:33 adam3600 login[317]: pam_unix(login:account): account root has password changed in future
Feb 11 16:28:33 adam3600 login[317]: pam_unix(login:session): session opened for user root by LOGIN(uid=0)
Feb 11 16:28:33 adam3600 systemd-logind[249]: New session c1 of user root.
Feb 11 16:28:33 adam3600 systemd: pam_unix(systemd-user:account): account root has password changed in future
Feb 11 16:28:33 adam3600 systemd: pam_unix(systemd-user:session): session opened for user root by (uid=0)
Feb 11 16:28:34 adam3600 login[360]: ROOT LOGIN  on '/dev/ttyO0'
Feb 11 16:28:39 adam3600 dbus[241]: [system] Failed to activate service 'org.freedesktop.hostname1': timed out
Feb 11 16:29:43 adam3600 dropbear[861]: Child connection from 192.168.172.3:33600
Feb 11 16:29:43 adam3600 dropbear[861]: Pubkey auth attempt with unknown algo for 'root' from 192.168.172.3:33600
Feb 11 16:29:44 adam3600 dropbear[861]: Password auth succeeded for 'root' from 192.168.172.3:33600
Feb 11 16:30:01 adam3600 dropbear[861]: Exit (root): Disconnect received
Feb 11 16:30:31 adam3600 dropbear[880]: Child connection from 192.168.172.51:58713
Feb 11 16:30:33 adam3600 dropbear[880]: Password auth succeeded for 'root' from 192.168.172.51:58713
Feb 11 16:37:41 adam3600 dropbear[880]: Exit (root): Exited normally
Feb 11 16:28:09 adam3600 dropbear[256]: Running in background
Feb 11 16:28:11 adam3600 systemd-logind[246]: New seat seat0.
Feb 11 16:28:21 adam3600 login[315]: pam_unix(login:account): account root has password changed in future
Feb 11 16:28:21 adam3600 login[315]: pam_unix(login:session): session opened for user root by LOGIN(uid=0)
Feb 11 16:28:21 adam3600 systemd-logind[246]: New session c1 of user root.
Feb 11 16:28:22 adam3600 systemd: pam_unix(systemd-user:account): account root has password changed in future
Feb 11 16:28:22 adam3600 systemd: pam_unix(systemd-user:session): session opened for user root by (uid=0)
Feb 11 16:28:23 adam3600 login[355]: ROOT LOGIN  on '/dev/ttyO0'
Feb 11 16:28:39 adam3600 dbus[232]: [system] Failed to activate service 'org.freedesktop.hostname1': timed out
Feb 11 16:31:22 adam3600 systemd: pam_unix(systemd-user:session): session closed for user root
Feb 11 16:28:09 adam3600 dropbear[253]: Running in background
Feb 11 16:28:11 adam3600 systemd-logind[239]: New seat seat0.
Feb 11 16:28:32 adam3600 login[313]: pam_unix(login:account): account root has password changed in future
Feb 11 16:28:32 adam3600 login[313]: pam_unix(login:session): session opened for user root by LOGIN(uid=0)
Feb 11 16:28:32 adam3600 systemd-logind[239]: New session c1 of user root.
Feb 11 16:28:32 adam3600 systemd: pam_unix(systemd-user:account): account root has password changed in future
Feb 11 16:28:32 adam3600 systemd: pam_unix(systemd-user:session): session opened for user root by (uid=0)
Feb 11 16:28:33 adam3600 login[367]: ROOT LOGIN  on '/dev/ttyO0'
Feb 11 16:28:38 adam3600 dbus[232]: [system] Failed to activate service 'org.freedesktop.hostname1': timed out
Feb 11 16:30:17 adam3600 dropbear[989]: Child connection from 192.168.172.51:58779
Feb 11 16:30:20 adam3600 dropbear[989]: Password auth succeeded for 'root' from 192.168.172.51:58779
Feb 11 16:28:09 adam3600 dropbear[238]: Running in background
Feb 11 16:28:11 adam3600 systemd-logind[226]: New seat seat0.
Feb 11 16:28:21 adam3600 login[313]: pam_unix(login:account): account root has password changed in future
Feb 11 16:28:21 adam3600 login[313]: pam_unix(login:session): session opened for user root by LOGIN(uid=0)
Feb 11 16:28:21 adam3600 systemd-logind[226]: New session c1 of user root.
Feb 11 16:28:22 adam3600 systemd: pam_unix(systemd-user:account): account root has password changed in future
Feb 11 16:28:22 adam3600 systemd: pam_unix(systemd-user:session): session opened for user root by (uid=0)
Feb 11 16:28:23 adam3600 login[367]: ROOT LOGIN  on '/dev/ttyO0'
Feb 11 16:28:38 adam3600 dbus[233]: [system] Failed to activate service 'org.freedesktop.hostname1': timed out
Feb 11 16:29:47 adam3600 systemd: pam_unix(systemd-user:session): session closed for user root
Feb 11 16:28:09 adam3600 dropbear[262]: Running in background
Feb 11 16:28:11 adam3600 systemd-logind[236]: New seat seat0.
Feb 11 16:28:22 adam3600 login[324]: pam_unix(login:account): account root has password changed in future
Feb 11 16:28:22 adam3600 login[324]: pam_unix(login:session): session opened for user root by LOGIN(uid=0)
Feb 11 16:28:22 adam3600 systemd-logind[236]: New session c1 of user root.
Feb 11 16:28:23 adam3600 systemd: pam_unix(systemd-user:account): account root has password changed in future
Feb 11 16:28:23 adam3600 systemd: pam_unix(systemd-user:session): session opened for user root by (uid=0)
Feb 11 16:28:23 adam3600 login[382]: ROOT LOGIN  on '/dev/ttyO0'
Feb 11 16:28:36 adam3600 dbus[222]: [system] Failed to activate service 'org.freedesktop.hostname1': timed out
Feb 11 16:28:09 adam3600 dropbear[262]: Running in background
Feb 11 16:28:11 adam3600 systemd-logind[223]: New seat seat0.
Feb 11 16:28:20 adam3600 login[307]: pam_unix(login:account): account root has password changed in future
Feb 11 16:28:20 adam3600 login[307]: pam_unix(login:session): session opened for user root by LOGIN(uid=0)
Feb 11 16:28:20 adam3600 systemd-logind[223]: New session c1 of user root.
Feb 11 16:28:21 adam3600 systemd: pam_unix(systemd-user:account): account root has password changed in future
Feb 11 16:28:21 adam3600 systemd: pam_unix(systemd-user:session): session opened for user root by (uid=0)
Feb 11 16:28:22 adam3600 login[364]: ROOT LOGIN  on '/dev/ttyO0'
Feb 11 16:28:37 adam3600 dbus[240]: [system] Failed to activate service 'org.freedesktop.hostname1': timed out
Feb 11 16:28:08 adam3600 dropbear[245]: Running in background
Feb 11 16:28:11 adam3600 systemd-logind[258]: New seat seat0.
Feb 11 16:28:29 adam3600 login[315]: pam_unix(login:account): account root has password changed in future
Feb 11 16:28:29 adam3600 login[315]: pam_unix(login:session): session opened for user root by LOGIN(uid=0)
Feb 11 16:28:29 adam3600 systemd-logind[258]: New session c1 of user root.
Feb 11 16:28:30 adam3600 systemd: pam_unix(systemd-user:account): account root has password changed in future
Feb 11 16:28:30 adam3600 systemd: pam_unix(systemd-user:session): session opened for user root by (uid=0)
Feb 11 16:28:31 adam3600 login[368]: ROOT LOGIN  on '/dev/ttyO0'
Feb 11 16:28:37 adam3600 dbus[237]: [system] Failed to activate service 'org.freedesktop.hostname1': timed out
Feb 11 16:28:09 adam3600 dropbear[249]: Running in background
Feb 11 16:28:11 adam3600 systemd-logind[232]: New seat seat0.
Feb 11 16:28:21 adam3600 login[320]: pam_unix(login:account): account root has password changed in future
Feb 11 16:28:21 adam3600 login[320]: pam_unix(login:session): session opened for user root by LOGIN(uid=0)
Feb 11 16:28:21 adam3600 systemd-logind[232]: New session c1 of user root.
Feb 11 16:28:21 adam3600 systemd: pam_unix(systemd-user:account): account root has password changed in future
Feb 11 16:28:21 adam3600 systemd: pam_unix(systemd-user:session): session opened for user root by (uid=0)
Feb 11 16:28:22 adam3600 login[376]: ROOT LOGIN  on '/dev/ttyO0'
Feb 11 16:28:38 adam3600 dbus[226]: [system] Failed to activate service 'org.freedesktop.hostname1': timed out
Feb 11 16:29:29 adam3600 dropbear[249]: Early exit: Terminated by signal
Feb 11 16:28:08 adam3600 dropbear[250]: Running in background
Feb 11 16:28:11 adam3600 systemd-logind[230]: New seat seat0.
Feb 11 16:28:22 adam3600 login[318]: pam_unix(login:account): account root has password changed in future
Feb 11 16:28:22 adam3600 login[318]: pam_unix(login:session): session opened for user root by LOGIN(uid=0)
Feb 11 16:28:22 adam3600 systemd-logind[230]: New session c1 of user root.
Feb 11 16:28:22 adam3600 systemd: pam_unix(systemd-user:account): account root has password changed in future
Feb 11 16:28:22 adam3600 systemd: pam_unix(systemd-user:session): session opened for user root by (uid=0)
Feb 11 16:28:23 adam3600 login[371]: ROOT LOGIN  on '/dev/ttyO0'
Feb 11 16:28:37 adam3600 dbus[240]: [system] Failed to activate service 'org.freedesktop.hostname1': timed out
